Build started 10/11/2012 17:18:21.
     1>Project "E:\Programmieruebungen\Snake\Snake\Snake.vcxproj" on node 2 (build target(s)).
     1>InitializeBuildStatus:
         Creating "Debug\Snake.unsuccessfulbuild" because "AlwaysCreate" was specified.
       ClCompile:
         E:\Program Files (x86)\Microsoft Visual Studio 10.0\VC\bin\CL.exe /c /ZI /nologo /W3 /WX- /Od /Oy- /D _MBCS /Gm /EHsc /RTC1 /MDd /GS /fp:precise /Zc:wchar_t /Zc:forScope /Fo"Debug\\" /Fd"Debug\vc100.pdb" /Gd /TP /analyze- /errorReport:prompt Player.cpp
         Player.cpp
       Link:
         E:\Program Files (x86)\Microsoft Visual Studio 10.0\VC\bin\link.exe /ERRORREPORT:PROMPT /OUT:"E:\Programmieruebungen\Snake\Debug\Snake.exe" /NOLOGO kernel32.lib user32.lib gdi32.lib winspool.lib comdlg32.lib advapi32.lib shell32.lib ole32.lib oleaut32.lib uuid.lib odbc32.lib odbccp32.lib /MANIFEST /ManifestFile:"Debug\Snake.exe.intermediate.manifest" /MANIFESTUAC:"level='asInvoker' uiAccess='false'" /DEBUG /PDB:"E:\Programmieruebungen\Snake\Debug\Snake.pdb" /TLBID:1 /DYNAMICBASE /NXCOMPAT /IMPLIB:"E:\Programmieruebungen\Snake\Debug\Snake.lib" /MACHINE:X86 Debug\Field.obj
         Debug\Game.obj
         Debug\main.obj
         Debug\Output.obj
         Debug\Player.obj
         LINK : E:\Programmieruebungen\Snake\Debug\Snake.exe not found or not built by the last incremental link; performing full link
         Snake.vcxproj -> E:\Programmieruebungen\Snake\Debug\Snake.exe
       Manifest:
         c:\Program Files (x86)\Microsoft SDKs\Windows\v7.0A\bin\mt.exe /nologo /verbose /outputresource:"E:\Programmieruebungen\Snake\Debug\Snake.exe;#1" /manifest Debug\Snake.exe.intermediate.manifest
       FinalizeBuildStatus:
         Deleting file "Debug\Snake.unsuccessfulbuild".
         Touching "Debug\Snake.lastbuildstate".
     1>Done Building Project "E:\Programmieruebungen\Snake\Snake\Snake.vcxproj" (build target(s)).

Build succeeded.

Time Elapsed 00:00:01.13
